<?xml version="1.0" encoding="UTF-8"?>
<!-- Generated by org.testng.reporters.JUnitReportReporter -->
<testsuite hostname="DESKTOP-6ETQOV3" failures="0" tests="2" name="com.searchmodule.test.SearchTest" time="11.305" errors="0" timestamp="2020-10-29T09:39:52 SGT" skipped="0">
  <testcase classname="com.searchmodule.test.SearchTest" name="search" time="5.701"/>
  <system-out/>
  <testcase classname="com.searchmodule.test.SearchTest" name="search" time="5.604"/>
  <system-out/>
</testsuite> <!-- com.searchmodule.test.SearchTest -->
